{"/Users/konstantinstukov/Documents/Projects/rick-and-morty-characters-list/src/hooks/useUrlParams.ts": {"path":"/Users/konstantinstukov/Documents/Projects/rick-and-morty-characters-list/src/hooks/useUrlParams.ts","all":false,"statementMap":{"0":{"start":{"line":1,"column":0},"end":{"line":1,"column":74}},"1":{"start":{"line":2,"column":0},"end":{"line":2,"column":36}},"34":{"start":{"line":35,"column":0},"end":{"line":35,"column":35}},"35":{"start":{"line":36,"column":0},"end":{"line":36,"column":29}},"36":{"start":{"line":37,"column":0},"end":{"line":37,"column":33}},"37":{"start":{"line":38,"column":0},"end":{"line":38,"column":41}},"39":{"start":{"line":40,"column":0},"end":{"line":40,"column":31}},"40":{"start":{"line":41,"column":0},"end":{"line":41,"column":22}},"41":{"start":{"line":42,"column":0},"end":{"line":42,"column":41}},"42":{"start":{"line":43,"column":0},"end":{"line":43,"column":6}},"43":{"start":{"line":44,"column":0},"end":{"line":44,"column":18}},"44":{"start":{"line":45,"column":0},"end":{"line":45,"column":4}},"46":{"start":{"line":47,"column":0},"end":{"line":47,"column":53}},"47":{"start":{"line":48,"column":0},"end":{"line":48,"column":54}},"48":{"start":{"line":49,"column":0},"end":{"line":49,"column":21}},"50":{"start":{"line":51,"column":0},"end":{"line":51,"column":32}},"51":{"start":{"line":52,"column":0},"end":{"line":52,"column":36}},"52":{"start":{"line":53,"column":0},"end":{"line":53,"column":66}},"54":{"start":{"line":55,"column":0},"end":{"line":55,"column":59}},"55":{"start":{"line":56,"column":0},"end":{"line":56,"column":50}},"56":{"start":{"line":57,"column":0},"end":{"line":57,"column":29}},"57":{"start":{"line":58,"column":0},"end":{"line":58,"column":16}},"58":{"start":{"line":59,"column":0},"end":{"line":59,"column":41}},"59":{"start":{"line":60,"column":0},"end":{"line":60,"column":9}},"60":{"start":{"line":61,"column":0},"end":{"line":61,"column":9}},"61":{"start":{"line":62,"column":0},"end":{"line":62,"column":54}},"62":{"start":{"line":63,"column":0},"end":{"line":63,"column":6}},"63":{"start":{"line":64,"column":0},"end":{"line":64,"column":36}},"64":{"start":{"line":65,"column":0},"end":{"line":65,"column":4}},"66":{"start":{"line":67,"column":0},"end":{"line":67,"column":44}},"67":{"start":{"line":68,"column":0},"end":{"line":68,"column":2}}},"s":{"0":1,"1":1,"34":1,"35":4,"36":4,"37":4,"39":4,"40":4,"41":2,"42":2,"43":4,"44":4,"46":4,"47":1,"48":4,"50":4,"51":4,"52":2,"54":2,"55":4,"56":1,"57":4,"58":3,"59":3,"60":2,"61":2,"62":2,"63":4,"64":4,"66":4,"67":4},"branchMap":{"0":{"type":"branch","line":35,"loc":{"start":{"line":35,"column":28},"end":{"line":68,"column":2}},"locations":[{"start":{"line":35,"column":28},"end":{"line":68,"column":2}}]},"1":{"type":"branch","line":41,"loc":{"start":{"line":41,"column":4},"end":{"line":43,"column":6}},"locations":[{"start":{"line":41,"column":4},"end":{"line":43,"column":6}}]},"2":{"type":"branch","line":42,"loc":{"start":{"line":42,"column":33},"end":{"line":42,"column":41}},"locations":[{"start":{"line":42,"column":33},"end":{"line":42,"column":41}}]},"3":{"type":"branch","line":47,"loc":{"start":{"line":47,"column":32},"end":{"line":49,"column":5}},"locations":[{"start":{"line":47,"column":32},"end":{"line":49,"column":5}}]},"4":{"type":"branch","line":52,"loc":{"start":{"line":52,"column":4},"end":{"line":63,"column":6}},"locations":[{"start":{"line":52,"column":4},"end":{"line":63,"column":6}}]},"5":{"type":"branch","line":55,"loc":{"start":{"line":55,"column":40},"end":{"line":61,"column":7}},"locations":[{"start":{"line":55,"column":40},"end":{"line":61,"column":7}}]},"6":{"type":"branch","line":56,"loc":{"start":{"line":56,"column":49},"end":{"line":58,"column":15}},"locations":[{"start":{"line":56,"column":49},"end":{"line":58,"column":15}}]},"7":{"type":"branch","line":58,"loc":{"start":{"line":58,"column":8},"end":{"line":60,"column":9}},"locations":[{"start":{"line":58,"column":8},"end":{"line":60,"column":9}}]}},"b":{"0":[4],"1":[2],"2":[1],"3":[1],"4":[2],"5":[4],"6":[1],"7":[3]},"fnMap":{"0":{"name":"useUrlParams","decl":{"start":{"line":35,"column":28},"end":{"line":68,"column":2}},"loc":{"start":{"line":35,"column":28},"end":{"line":68,"column":2}},"line":35}},"f":{"0":4}}
}
